-------------------------------------------------------------------------------
Test set: MainTest
-------------------------------------------------------------------------------
Tests run: 6, Failures: 6, Errors: 0, Skipped: 0, Time elapsed: 75.945 s <<< FAILURE! - in MainTest
MainTest.FailedLogin  Time elapsed: 0.001 s  <<< FAILURE!
java.lang.NullPointerException: Cannot invoke "java.util.logging.Logger.log(java.util.logging.Level, String)" because "this.logger" is null
	at MainTest.FailedLogin(MainTest.java:20)

MainTest.SortDatesAscendingOrder  Time elapsed: 0.999 s  <<< FAILURE!
java.lang.NullPointerException: Cannot invoke "java.util.logging.Logger.log(java.util.logging.Level, String)" because "this.logger" is null
	at MainTest.SortDatesAscendingOrder(MainTest.java:60)

MainTest.SuccessLogin  Time elapsed: 0 s  <<< FAILURE!
java.lang.NullPointerException: Cannot invoke "java.util.logging.Logger.log(java.util.logging.Level, String)" because "this.logger" is null
	at MainTest.SuccessLogin(MainTest.java:11)

MainTest.SuccessfulSearch  Time elapsed: 0 s  <<< FAILURE!
java.lang.NullPointerException: Cannot invoke "java.util.logging.Logger.log(java.util.logging.Level, String)" because "this.logger" is null
	at MainTest.SuccessfulSearch(MainTest.java:30)

MainTest.ValidateActingTimeline  Time elapsed: 2 s  <<< FAILURE!
java.lang.NullPointerException: Cannot invoke "java.util.logging.Logger.log(java.util.logging.Level, String)" because "this.logger" is null
	at MainTest.ValidateActingTimeline(MainTest.java:50)

MainTest.VerifyMovieGenreFilter  Time elapsed: 0.997 s  <<< FAILURE!
java.lang.NullPointerException: Cannot invoke "java.util.logging.Logger.log(java.util.logging.Level, String)" because "this.logger" is null
	at MainTest.VerifyMovieGenreFilter(MainTest.java:39)

